This is pdfTeX, Version 3.141592653-2.6-1.40.28 (TeX Live 2025) (preloaded format=pdflatex 2025.11.28)  27 DEC 2025 04:15
entering extended mode
 restricted \write18 enabled.
 file:line:error style messages enabled.
 %&-line parsing enabled.
**"d:/SEMESTER 7 & S2 1/Skripsi/Klasifikasi Suara/IEEE_MTT_S_Conference__IMS_2013_example___1_/progress_report.tex"
(d:/SEMESTER 7 & S2 1/Skripsi/Klasifikasi Suara/IEEE_MTT_S_Conference__IMS_2013_example___1_/progress_report.tex
LaTeX2e <2025-11-01>
L3 programming layer <2025-11-14>
(./IEEEtran.cls
Document Class: IEEEtran 2007/03/05 V1.7a by Michael Shell
-- See the "IEEEtran_HOWTO" manual for usage information.
-- http://www.michaelshell.org/tex/ieeetran/
\@IEEEtrantmpdimenA=\dimen148
\@IEEEtrantmpdimenB=\dimen149
\@IEEEtrantmpcountA=\count275
\@IEEEtrantmpcountB=\count276
\@IEEEtrantmptoksA=\toks17
LaTeX Font Info:    Trying to load font information for OT1+ptm on input line 366.
(d:/Mongodb/texlive/2025/texmf-dist/tex/latex/psnfss/ot1ptm.fd
File: ot1ptm.fd 2001/06/04 font definitions for OT1/ptm.
)
-- Using 8.5in x 11in (letter) paper.
-- Using PDF output.
\@IEEEnormalsizeunitybaselineskip=\dimen150
-- This is a 10 point document.
LaTeX Encoding Info:    Redeclaring text command \textunderscore (encoding ?) on input line 586.
\CLASSINFOnormalsizebaselineskip=\dimen151
\CLASSINFOnormalsizeunitybaselineskip=\dimen152
\IEEEnormaljot=\dimen153
LaTeX Font Info:    Font shape `OT1/ptm/bx/n' in size <5> not available
(Font)              Font shape `OT1/ptm/b/n' tried instead on input line 724.
LaTeX Font Info:    Font shape `OT1/ptm/bx/it' in size <5> not available
(Font)              Font shape `OT1/ptm/b/it' tried instead on input line 724.
LaTeX Font Info:    Font shape `OT1/ptm/bx/n' in size <7> not available
(Font)              Font shape `OT1/ptm/b/n' tried instead on input line 724.
LaTeX Font Info:    Font shape `OT1/ptm/bx/it' in size <7> not available
(Font)              Font shape `OT1/ptm/b/it' tried instead on input line 724.
LaTeX Font Info:    Font shape `OT1/ptm/bx/n' in size <8> not available
(Font)              Font shape `OT1/ptm/b/n' tried instead on input line 724.
LaTeX Font Info:    Font shape `OT1/ptm/bx/it' in size <8> not available
(Font)              Font shape `OT1/ptm/b/it' tried instead on input line 724.
LaTeX Font Info:    Font shape `OT1/ptm/bx/n' in size <9> not available
(Font)              Font shape `OT1/ptm/b/n' tried instead on input line 724.
LaTeX Font Info:    Font shape `OT1/ptm/bx/it' in size <9> not available
(Font)              Font shape `OT1/ptm/b/it' tried instead on input line 724.
LaTeX Font Info:    Font shape `OT1/ptm/bx/n' in size <10> not available
(Font)              Font shape `OT1/ptm/b/n' tried instead on input line 724.
LaTeX Font Info:    Font shape `OT1/ptm/bx/it' in size <10> not available
(Font)              Font shape `OT1/ptm/b/it' tried instead on input line 724.
LaTeX Font Info:    Font shape `OT1/ptm/bx/n' in size <11> not available
(Font)              Font shape `OT1/ptm/b/n' tried instead on input line 724.
LaTeX Font Info:    Font shape `OT1/ptm/bx/it' in size <11> not available
(Font)              Font shape `OT1/ptm/b/it' tried instead on input line 724.
LaTeX Font Info:    Font shape `OT1/ptm/bx/n' in size <12> not available
(Font)              Font shape `OT1/ptm/b/n' tried instead on input line 724.
LaTeX Font Info:    Font shape `OT1/ptm/bx/it' in size <12> not available
(Font)              Font shape `OT1/ptm/b/it' tried instead on input line 724.
LaTeX Font Info:    Font shape `OT1/ptm/bx/n' in size <17> not available
(Font)              Font shape `OT1/ptm/b/n' tried instead on input line 724.
LaTeX Font Info:    Font shape `OT1/ptm/bx/it' in size <17> not available
(Font)              Font shape `OT1/ptm/b/it' tried instead on input line 724.
LaTeX Font Info:    Font shape `OT1/ptm/bx/n' in size <20> not available
(Font)              Font shape `OT1/ptm/b/n' tried instead on input line 724.
LaTeX Font Info:    Font shape `OT1/ptm/bx/it' in size <20> not available
(Font)              Font shape `OT1/ptm/b/it' tried instead on input line 724.
LaTeX Font Info:    Font shape `OT1/ptm/bx/n' in size <24> not available
(Font)              Font shape `OT1/ptm/b/n' tried instead on input line 724.
LaTeX Font Info:    Font shape `OT1/ptm/bx/it' in size <24> not available
(Font)              Font shape `OT1/ptm/b/it' tried instead on input line 724.
\IEEEilabelindentA=\dimen154
\IEEEilabelindentB=\dimen155
\IEEEilabelindent=\dimen156
\IEEEelabelindent=\dimen157
\IEEEdlabelindent=\dimen158
\IEEElabelindent=\dimen159
\IEEEiednormlabelsep=\dimen160
\IEEEiedmathlabelsep=\dimen161
\IEEEiedtopsep=\skip49
\c@section=\count277
\c@subsection=\count278
\c@subsubsection=\count279
\c@paragraph=\count280
\c@IEEEsubequation=\count281
\abovecaptionskip=\skip50
\belowcaptionskip=\skip51
\c@figure=\count282
\c@table=\count283
\@IEEEeqnnumcols=\count284
\@IEEEeqncolcnt=\count285
\@IEEEtmpitemindent=\dimen162
\c@IEEEbiography=\count286
\@IEEEtranrubishbin=\box53
) (d:/Mongodb/texlive/2025/texmf-dist/tex/latex/graphics/graphicx.sty
Package: graphicx 2024/12/31 v1.2e Enhanced LaTeX Graphics (DPC,SPQR)
 (d:/Mongodb/texlive/2025/texmf-dist/tex/latex/graphics/keyval.sty
Package: keyval 2022/05/29 v1.15 key=value parser (DPC)
\KV@toks@=\toks18
) (d:/Mongodb/texlive/2025/texmf-dist/tex/latex/graphics/graphics.sty
Package: graphics 2024/08/06 v1.4g Standard LaTeX Graphics (DPC,SPQR)
 (d:/Mongodb/texlive/2025/texmf-dist/tex/latex/graphics/trig.sty
Package: trig 2023/12/02 v1.11 sin cos tan (DPC)
) (d:/Mongodb/texlive/2025/texmf-dist/tex/latex/graphics-cfg/graphics.cfg
File: graphics.cfg 2016/06/04 v1.11 sample graphics configuration
)
Package graphics Info: Driver file: pdftex.def on input line 106.
 (d:/Mongodb/texlive/2025/texmf-dist/tex/latex/graphics-def/pdftex.def
File: pdftex.def 2025/09/29 v1.2d Graphics/color driver for pdftex
))
\Gin@req@height=\dimen163
\Gin@req@width=\dimen164
) (d:/Mongodb/texlive/2025/texmf-dist/tex/latex/amsmath/amsmath.sty
Package: amsmath 2025/07/09 v2.17z AMS math features
\@mathmargin=\skip52

For additional information on amsmath, use the `?' option.
(d:/Mongodb/texlive/2025/texmf-dist/tex/latex/amsmath/amstext.sty
Package: amstext 2024/11/17 v2.01 AMS text
 (d:/Mongodb/texlive/2025/texmf-dist/tex/latex/amsmath/amsgen.sty
File: amsgen.sty 1999/11/30 v2.0 generic functions
\@emptytoks=\toks19
\ex@=\dimen165
)) (d:/Mongodb/texlive/2025/texmf-dist/tex/latex/amsmath/amsbsy.sty
Package: amsbsy 1999/11/29 v1.2d Bold Symbols
\pmbraise@=\dimen166
) (d:/Mongodb/texlive/2025/texmf-dist/tex/latex/amsmath/amsopn.sty
Package: amsopn 2022/04/08 v2.04 operator names
)
\inf@bad=\count287
LaTeX Info: Redefining \frac on input line 233.
\uproot@=\count288
\leftroot@=\count289
LaTeX Info: Redefining \overline on input line 398.
LaTeX Info: Redefining \colon on input line 409.
\classnum@=\count290
\DOTSCASE@=\count291
LaTeX Info: Redefining \ldots on input line 495.
LaTeX Info: Redefining \dots on input line 498.
LaTeX Info: Redefining \cdots on input line 619.
\Mathstrutbox@=\box54
\strutbox@=\box55
LaTeX Info: Redefining \big on input line 721.
LaTeX Info: Redefining \Big on input line 722.
LaTeX Info: Redefining \bigg on input line 723.
LaTeX Info: Redefining \Bigg on input line 724.
\big@size=\dimen167
LaTeX Font Info:    Redeclaring font encoding OML on input line 742.
LaTeX Font Info:    Redeclaring font encoding OMS on input line 743.
\macc@depth=\count292
LaTeX Info: Redefining \bmod on input line 904.
LaTeX Info: Redefining \pmod on input line 909.
LaTeX Info: Redefining \smash on input line 939.
LaTeX Info: Redefining \relbar on input line 969.
LaTeX Info: Redefining \Relbar on input line 970.
\c@MaxMatrixCols=\count293
\dotsspace@=\muskip17
\c@parentequation=\count294
\dspbrk@lvl=\count295
\tag@help=\toks20
\row@=\count296
\column@=\count297
\maxfields@=\count298
\andhelp@=\toks21
\eqnshift@=\dimen168
\alignsep@=\dimen169
\tagshift@=\dimen170
\tagwidth@=\dimen171
\totwidth@=\dimen172
\lineht@=\dimen173
\@envbody=\toks22
\multlinegap=\skip53
\multlinetaggap=\skip54
\mathdisplay@stack=\toks23
LaTeX Info: Redefining \[ on input line 2950.
LaTeX Info: Redefining \] on input line 2951.
) (d:/Mongodb/texlive/2025/texmf-dist/tex/latex/algorithms/algorithmic.sty
Package: algorithmic 2009/08/24 v0.1 Document Style `algorithmic'
 (d:/Mongodb/texlive/2025/texmf-dist/tex/latex/base/ifthen.sty
Package: ifthen 2024/03/16 v1.1e Standard LaTeX ifthen package (DPC)
)
\c@ALC@unique=\count299
\c@ALC@line=\count300
\c@ALC@rem=\count301
\c@ALC@depth=\count302
\ALC@tlm=\skip55
\algorithmicindent=\skip56
) (d:/Mongodb/texlive/2025/texmf-dist/tex/latex/tools/array.sty
Package: array 2025/09/25 v2.6n Tabular extension package (FMi)
\col@sep=\dimen174
\ar@mcellbox=\box56
\extrarowheight=\dimen175
\NC@list=\toks24
\extratabsurround=\skip57
\backup@length=\skip58
\ar@cellbox=\box57
) (d:/Mongodb/texlive/2025/texmf-dist/tex/latex/booktabs/booktabs.sty
Package: booktabs 2020/01/12 v1.61803398 Publication quality tables
\heavyrulewidth=\dimen176
\lightrulewidth=\dimen177
\cmidrulewidth=\dimen178
\belowrulesep=\dimen179
\belowbottomsep=\dimen180
\aboverulesep=\dimen181
\abovetopsep=\dimen182
\cmidrulesep=\dimen183
\cmidrulekern=\dimen184
\defaultaddspace=\dimen185
\@cmidla=\count303
\@cmidlb=\count304
\@aboverulesep=\dimen186
\@belowrulesep=\dimen187
\@thisruleclass=\count305
\@lastruleclass=\count306
\@thisrulewidth=\dimen188
) (d:/Mongodb/texlive/2025/texmf-dist/tex/latex/multirow/multirow.sty
Package: multirow 2024/11/12 v2.9 Span multiple rows of a table
\multirow@colwidth=\skip59
\multirow@cntb=\count307
\multirow@dima=\skip60
\bigstrutjot=\dimen189
) (d:/Mongodb/texlive/2025/texmf-dist/tex/latex/url/url.sty
\Urlmuskip=\muskip18
Package: url 2013/09/16  ver 3.4  Verb mode for urls, etc.
) (d:/Mongodb/texlive/2025/texmf-dist/tex/latex/l3backend/l3backend-pdftex.def
File: l3backend-pdftex.def 2025-10-09 L3 backend support: PDF output (pdfTeX)
\l__color_backend_stack_int=\count308
)
No file progress_report.aux.
\openout1 = `progress_report.aux'.

LaTeX Font Info:    Checking defaults for OML/cmm/m/it on input line 16.
LaTeX Font Info:    ... okay on input line 16.
LaTeX Font Info:    Checking defaults for OMS/cmsy/m/n on input line 16.
LaTeX Font Info:    ... okay on input line 16.
LaTeX Font Info:    Checking defaults for OT1/cmr/m/n on input line 16.
LaTeX Font Info:    ... okay on input line 16.
LaTeX Font Info:    Checking defaults for T1/cmr/m/n on input line 16.
LaTeX Font Info:    ... okay on input line 16.
LaTeX Font Info:    Checking defaults for TS1/cmr/m/n on input line 16.
LaTeX Font Info:    ... okay on input line 16.
LaTeX Font Info:    Checking defaults for OMX/cmex/m/n on input line 16.
LaTeX Font Info:    ... okay on input line 16.
LaTeX Font Info:    Checking defaults for U/cmr/m/n on input line 16.
LaTeX Font Info:    ... okay on input line 16.
(d:/Mongodb/texlive/2025/texmf-dist/tex/context/base/mkii/supp-pdf.mkii
[Loading MPS to PDF converter (version 2006.09.02).]
\scratchcounter=\count309
\scratchdimen=\dimen190
\scratchbox=\box58
\nofMPsegments=\count310
\nofMParguments=\count311
\everyMPshowfont=\toks25
\MPscratchCnt=\count312
\MPscratchDim=\dimen191
\MPnumerator=\count313
\makeMPintoPDFobject=\count314
\everyMPtoPDFconversion=\toks26
) (d:/Mongodb/texlive/2025/texmf-dist/tex/latex/epstopdf-pkg/epstopdf-base.sty
Package: epstopdf-base 2020-01-24 v2.11 Base part for package epstopdf
Package epstopdf-base Info: Redefining graphics rule for `.eps' on input line 485.
 (d:/Mongodb/texlive/2025/texmf-dist/tex/latex/latexconfig/epstopdf-sys.cfg
File: epstopdf-sys.cfg 2010/07/13 v1.3 Configuration of (r)epstopdf for TeX Live
))
** ATTENTION: \authorblockN is deprecated (line 25). Use \IEEEauthorblockN instead.
** ATTENTION: \authorrefmark is deprecated (line 25). Use \IEEEauthorrefmark instead.
LaTeX Font Info:    Calculating math sizes for size <11> on input line 25.
LaTeX Font Info:    External font `cmex10' loaded for size
(Font)              <11> on input line 25.
LaTeX Font Info:    External font `cmex10' loaded for size
(Font)              <7.69997> on input line 25.
LaTeX Font Info:    External font `cmex10' loaded for size
(Font)              <5.5> on input line 25.
LaTeX Font Info:    External font `cmex10' loaded for size
(Font)              <8> on input line 25.
LaTeX Font Info:    External font `cmex10' loaded for size
(Font)              <6> on input line 25.
LaTeX Font Info:    External font `cmex10' loaded for size
(Font)              <5> on input line 25.
** ATTENTION: \authorrefmark is deprecated (line 25). Use \IEEEauthorrefmark instead.
** ATTENTION: \authorblockA is deprecated (line 25). Use \IEEEauthorblockA instead.
** ATTENTION: \authorrefmark is deprecated (line 25). Use \IEEEauthorrefmark instead.
LaTeX Font Info:    External font `cmex10' loaded for size
(Font)              <7> on input line 25.
LaTeX Font Info:    Trying to load font information for OMS+ptm on input line 25.
(d:/Mongodb/texlive/2025/texmf-dist/tex/latex/psnfss/omsptm.fd
File: omsptm.fd 
)
LaTeX Font Info:    Font shape `OMS/ptm/m/n' in size <10> not available
(Font)              Font shape `OMS/cmsy/m/n' tried instead on input line 25.

** ATTENTION: \authorblockN is deprecated (line 25). Use \IEEEauthorblockN instead.
** ATTENTION: \authorrefmark is deprecated (line 25). Use \IEEEauthorrefmark instead.
** ATTENTION: \authorrefmark is deprecated (line 25). Use \IEEEauthorrefmark instead.
** ATTENTION: \authorblockA is deprecated (line 25). Use \IEEEauthorblockA instead.
** ATTENTION: \authorrefmark is deprecated (line 25). Use \IEEEauthorrefmark instead.
LaTeX Font Info:    Trying to load font information for TS1+ptm on input line 28.
(d:/Mongodb/texlive/2025/texmf-dist/tex/latex/psnfss/ts1ptm.fd
File: ts1ptm.fd 2001/06/04 font definitions for TS1/ptm.
)
** ATTENTION: Overriding command lockouts (line 31).
** ATTENTION: \keywords is deprecated (line 32). Use \IEEEkeywords instead.

Underfull \hbox (badness 1661) in paragraph at lines 72--73
[]\OT1/ptm/b/n/10 CNN Ar-chi-tec-ture De-sign: \OT1/ptm/m/n/10 De-signed and par-tially
 []


LaTeX Warning: Citation `schuller2018speech' on page 1 undefined on input line 88.


LaTeX Warning: Citation `el2011survey' on page 1 undefined on input line 88.


LaTeX Warning: Citation `nwe2003speech' on page 1 undefined on input line 90.


LaTeX Warning: Citation `badshah2017speech' on page 1 undefined on input line 90.


LaTeX Warning: Citation `sarma2018emotion' on page 1 undefined on input line 90.


LaTeX Warning: Citation `mirsamadi2017automatic' on page 1 undefined on input line 90.


LaTeX Warning: Citation `huang2014speech' on page 1 undefined on input line 90.


LaTeX Warning: Citation `valstar2016avec' on page 1 undefined on input line 94.


LaTeX Warning: Citation `cummins2015review' on page 1 undefined on input line 94.


LaTeX Warning: Citation `davis1980comparison' on page 1 undefined on input line 98.


LaTeX Warning: Citation `eyben2010opensmile' on page 1 undefined on input line 98.

[1{d:/Mongodb/texlive/2025/texmf-var/fonts/map/pdftex/updmap/pdftex.map}{d:/Mongodb/texlive/2025/texmf-dist/fonts/enc/dvips/base/8r.enc}


]

LaTeX Warning: Citation `cao2014crema' on page 2 undefined on input line 116.


LaTeX Warning: Citation `livingstone2018ryerson' on page 2 undefined on input line 118.


LaTeX Warning: Citation `haq2008savee' on page 2 undefined on input line 120.


Underfull \hbox (badness 5302) in paragraph at lines 120--121
[]\OT1/ptm/b/n/10 SAVEE \OT1/ptm/m/n/10 (Sur-rey Audio-Visual Ex-pressed Emo-tion
 []


LaTeX Warning: Citation `dupuis2010tess' on page 2 undefined on input line 122.


LaTeX Warning: Reference `tab:dataset_distribution' on page 2 undefined on input line 134.

LaTeX Font Info:    Trying to load font information for OT1+pcr on input line 199.
(d:/Mongodb/texlive/2025/texmf-dist/tex/latex/psnfss/ot1pcr.fd
File: ot1pcr.fd 2001/06/04 font definitions for OT1/pcr.
) [2]
Underfull \hbox (badness 3396) in paragraph at lines 268--269
[]\OT1/ptm/m/n/10 The ar-chi-tec-ture will be im-ple-mented us-ing Ten-sor-
 []


LaTeX Warning: Reference `tab:svm_results' on page 3 undefined on input line 279.

[3]

LaTeX Warning: Citation `nwe2003speech' on page 4 undefined on input line 337.


LaTeX Warning: Citation `zhang2018speech' on page 4 undefined on input line 339.

d:/SEMESTER 7 & S2 1/Skripsi/Klasifikasi Suara/IEEE_MTT_S_Conference__IMS_2013_example___1_/progress_report.tex:354: Undefined control sequence.
<recently read> \checkmark 
                           
l.354 \item[$\checkmark$]
                          Literature review and methodology design
The control sequence at the end of the top line
of your error message was never \def'ed. If you have
misspelled it (e.g., `\hobx'), type `I' and the correct
spelling (e.g., `I\hbox'). Otherwise just continue,
and I'll forget about whatever was undefined.

d:/SEMESTER 7 & S2 1/Skripsi/Klasifikasi Suara/IEEE_MTT_S_Conference__IMS_2013_example___1_/progress_report.tex:355: Undefined control sequence.
<recently read> \checkmark 
                           
l.355 \item[$\checkmark$]
                          Dataset collection, merging, and preprocessing
The control sequence at the end of the top line
of your error message was never \def'ed. If you have
misspelled it (e.g., `\hobx'), type `I' and the correct
spelling (e.g., `I\hbox'). Otherwise just continue,
and I'll forget about whatever was undefined.

d:/SEMESTER 7 & S2 1/Skripsi/Klasifikasi Suara/IEEE_MTT_S_Conference__IMS_2013_example___1_/progress_report.tex:356: Undefined control sequence.
<recently read> \checkmark 
                           
l.356 \item[$\checkmark$]
                          Dual feature extraction pipeline implementation
The control sequence at the end of the top line
of your error message was never \def'ed. If you have
misspelled it (e.g., `\hobx'), type `I' and the correct
spelling (e.g., `I\hbox'). Otherwise just continue,
and I'll forget about whatever was undefined.

d:/SEMESTER 7 & S2 1/Skripsi/Klasifikasi Suara/IEEE_MTT_S_Conference__IMS_2013_example___1_/progress_report.tex:357: Undefined control sequence.
<recently read> \checkmark 
                           
l.357 \item[$\checkmark$]
                          SVM baseline development and evaluation
The control sequence at the end of the top line
of your error message was never \def'ed. If you have
misspelled it (e.g., `\hobx'), type `I' and the correct
spelling (e.g., `I\hbox'). Otherwise just continue,
and I'll forget about whatever was undefined.

d:/SEMESTER 7 & S2 1/Skripsi/Klasifikasi Suara/IEEE_MTT_S_Conference__IMS_2013_example___1_/progress_report.tex:358: Undefined control sequence.
<recently read> \checkmark 
                           
l.358 \item[$\checkmark$]
                          CNN architecture design and initial implementation
The control sequence at the end of the top line
of your error message was never \def'ed. If you have
misspelled it (e.g., `\hobx'), type `I' and the correct
spelling (e.g., `I\hbox'). Otherwise just continue,
and I'll forget about whatever was undefined.

d:/SEMESTER 7 & S2 1/Skripsi/Klasifikasi Suara/IEEE_MTT_S_Conference__IMS_2013_example___1_/progress_report.tex:359: Undefined control sequence.
<recently read> \checkmark 
                           
l.359 \item[$\checkmark$]
                          Progress report preparation
The control sequence at the end of the top line
of your error message was never \def'ed. If you have
misspelled it (e.g., `\hobx'), type `I' and the correct
spelling (e.g., `I\hbox'). Otherwise just continue,
and I'll forget about whatever was undefined.


Overfull \hbox (30.31885pt too wide) in paragraph at lines 376--402
 [][] 
 []


Underfull \hbox (badness 1546) in paragraph at lines 448--450
\OT1/ptm/m/n/10 pres-sion styles in-tro-duced vari-abil-ity. We ad-dressed this
 []

[4]
Underfull \hbox (badness 4518) in paragraph at lines 461--462
[]\OT1/ptm/m/n/10 Implement ef-fi-cient data load-ing with Ten-sor-Flow
 []

(./progress_report.bbl
Underfull \hbox (badness 10000) in paragraph at lines 66--67
\OT1/ptm/m/n/8 Set (TESS),'' Schol-ars Por-tal Data-verse, 2010, avail-able at:
 []

)

** Conference Paper **
Before submitting the final camera ready copy, remember to:

 1. Manually equalize the lengths of two columns on the last page
 of your paper;

 2. Ensure that any PostScript and/or PDF output post-processing
 uses only Type 1 fonts and that every step in the generation
 process uses the appropriate paper size.

[5] (./progress_report.aux)
 ***********
LaTeX2e <2025-11-01>
L3 programming layer <2025-11-14>
 ***********


LaTeX Warning: There were undefined references.


LaTeX Warning: Label(s) may have changed. Rerun to get cross-references right.

 ) 
Here is how much of TeX's memory you used:
 3315 strings out of 467538
 53705 string characters out of 5419556
 477171 words of memory out of 5000000
 32185 multiletter control sequences out of 15000+600000
 667684 words of font info for 108 fonts, out of 8000000 for 9000
 1146 hyphenation exceptions out of 8191
 57i,15n,65p,1372b,390s stack positions out of 10000i,1000n,20000p,200000b,200000s
<d:/Mongodb/texlive/2025/texmf-dist/fonts/type1/public/amsfonts/cm/cmmi10.pfb><d:/Mongodb/texlive/2025/texmf-dist/fonts/type1/public/amsfonts/cm/cmr10.pfb><d:/Mongodb/texlive/2025/texmf-dist/fonts/type1/public/amsfonts/cm/cmr7.pfb><d:/Mongodb/texlive/2025/texmf-dist/fonts/type1/public/amsfonts/cm/cmsy10.pfb><d:/Mongodb/texlive/2025/texmf-dist/fonts/type1/public/amsfonts/cm/cmsy6.pfb><d:/Mongodb/texlive/2025/texmf-dist/fonts/type1/public/amsfonts/cm/cmsy7.pfb><d:/Mongodb/texlive/2025/texmf-dist/fonts/type1/public/amsfonts/cm/cmsy8.pfb><d:/Mongodb/texlive/2025/texmf-dist/fonts/type1/urw/courier/ucrr8a.pfb><d:/Mongodb/texlive/2025/texmf-dist/fonts/type1/urw/times/utmb8a.pfb><d:/Mongodb/texlive/2025/texmf-dist/fonts/type1/urw/times/utmbi8a.pfb><d:/Mongodb/texlive/2025/texmf-dist/fonts/type1/urw/times/utmr8a.pfb><d:/Mongodb/texlive/2025/texmf-dist/fonts/type1/urw/times/utmri8a.pfb>
Output written on progress_report.pdf (5 pages, 156540 bytes).
PDF statistics:
 81 PDF objects out of 1000 (max. 8388607)
 49 compressed objects within 1 object stream
 0 named destinations out of 1000 (max. 500000)
 1 words of extra memory for PDF output out of 10000 (max. 10000000)

